********************************************************************************
DUPLICATOR-LITE PACKAGE-LOG: 20.05.2023 17:25
NOTICE: Do NOT post to public sites or forums 
********************************************************************************
VERSION:	1.5.4
WORDPRESS:	6.1.1
PHP INFO:	8.0.28 | SAPI: apache2handler
SERVER:		Apache/2.4.54 (Debian) 
PHP TIME LIMIT: (0) no time limit imposed 
PHP MAX MEMORY: 4294967296 (128M default) 
MEMORY STACK: 14MB

********************************************************************************
DATABASE:
********************************************************************************
BUILD MODE:   PHP(query limit - 100)
MYSQLTIMEOUT: 5000
MYSQLDUMP:    Not Supported
TABLES: total:57 | filtered:0 | create:57
FILTERED: []
SQL CREATED: 20_oda_76947b3ff2fedd6c2519_20230520172456_database.sql
SQL FILE SIZE: 4.23MB (4434751)
SQL FILE TIME: 2023-05-20 17:25:44
SQL RUNTIME: 0.51 sec.

********************************************************************************
ARCHIVE (ZIP):
********************************************************************************
ARCHIVE DIR:  /var/www/html
ARCHIVE FILE: 20_oda_76947b3ff2fedd6c2519_20230520172456_archive.zip
FILTERS: *OFF*
DIRS:
	not set
FILES:
	not set
EXTS:  not set
----------------------------------------
COMPRESSING
SIZE:	128.05MB
STATS:	Dirs 1,078 | Files 7,299
SQL ADDED: 20_oda_76947b3ff2fedd6c2519_20230520172456_database.sql
ZipArchive Object
(
    [lastId] => 8376
    [status] => 0
    [statusSys] => 0
    [numFiles] => 8377
    [filename] => /var/www/html/wp-content/backups-dup-lite/tmp/20_oda_76947b3ff2fedd6c2519_20230520172456_archive.zip
    [comment] => 
)

FILE ADDED TO ZIP: 8376
[PHP ERR][NOTICE] MSG:ob_flush(): Failed to flush buffer. No buffer to flush [CODE:8|FILE:/var/www/html/wp-content/plugins/duplicator/classes/utilities/class.u.php|LINE:173]
do_action('wp_ajax_duplicator_package_build'), WP_Hook->do_action, WP_Hook->apply_filters, duplicator_package_build, DUP_Package->runZipBuild, DUP_Archive->build, DUP_Zip::create, DUP_Util::fcgiFlush, ob_flush, DUP_Handler::error, DUP_Handler::getMessage
COMPRESSION RESULT: '1'
COMPRESSED SIZE: 54.03MB
ARCHIVE RUNTIME: 239.87 sec.
MEMORY STACK: 16MB
building installer
ARCHIVE CONSISTENCY TEST: PASS

********************************************************************************
INTEGRITY CHECKS:
********************************************************************************
SQL FILE: 4.23MB
INSTALLER FILE: 73.34KB
ARCHIVE FILE: 55.92MB 
EXPECTED FILE/DIRECTORY COUNT: 8,377
ACTUAL FILE/DIRECTORY COUNT: 8,376
ARCHIVE CONSISTENCY TEST: Pass

********************************************************************************
RECORD ID:[2]
TOTAL PROCESS RUNTIME: 260.07 sec.
PEAK PHP MEMORY USED: 20MB
DONE PROCESSING => 20_oda 20.05.2023 17:30

